ደምሴ ደስታ - ጻድቅ ኢትዮጵያ
ደምሴ ደስታ - ተውኩት
ደምሴ ደስታ - ድጓ ጾመ ድጓ
ደምሴ ደስታ - መልካም ቤተልሔም
ደምሴ ደስታ - በዚህ ጊዜ
ደምሴ ደስታ - አዳም በበደለ
ደምሴ ደስታ - ዋ...እኔን
መጋቤ ስብሀት አለሙ አጋ - ማን ይመራመር 2
አቶ ታፈሰ ተስፋዬ - ስለ ጥምቀት/ሆሳዕና
አቶ ታፈሰ ተስፋዬ - ስለ ትንሳኤ
አቶ ታፈሰ ተስፋዬ - ወዳጄ ወዳጄ
አቶ ታፈሰ ተስፋዬ - ወዳጄ ወዳጄ 2
ሊቀ መዘምራን ይልማ ሃይሉ - ብስራተ ገብርኤል
ሊቀ መዘምራን ይልማ ሃይሉ - ዋ እኔን
ሊቀ መዘምራን ይልማ ሃይሉ - አላየንም በሉ
ሊቀ መዘምራን ይልማ ሃይሉ - ኪርያላይሶን
ሊቀ ልሳናት መምህር ሲሳይ ደምሴ - ውለታህ ብዙ
ሊቀ ልሳናት መምህር ሲሳይ ደምሴ - ሰላም ተዋህዶ
ሊቀ ልሳናት መምህር ሲሳይ ደምሴ - የቅዱሳን አምባ
ሊቀ ልሳናት መምህር ሲሳይ ደምሴ - በምን በምን እንመስልሽ
ሊቀ ልሳናት መምህር ሲሳይ ደምሴ - አምላከ ዳዊት
ሊቀ ልሳናት መምህር ሲሳይ ደምሴ - ዋ እኔን
ዘማሪ ዲያቆን አቤል ተስፋዬ - ሦስትነት ባለው
ዘማሪ ዲያቆን አቤል ተስፋዬ - የቃል ማደሪያ ነሽ
ዘማሪ ዲያቆን አቤል ተስፋዬ - በጾም
ዘማሪ ዲያቆን አቤል ተስፋዬ - ስለኔ ለሞተ
ዘማሪ ዲያቆን አቤል ተስፋዬ - ደጁ ሲመላለስ
ዘማሪ ዲያቆን አቤል ተስፋዬ - በፈጣን ደመና
ዘማሪ ዲያቆን አቤል ተስፋዬ - እስከ መቼ ነው
ዘማሪ ዲያቆን አቤል ተስፋዬ - በርባን ነኝ
ዘማሪ ዲያቆን አቤል ተስፋዬ - ሞት ሆይ
ዘማሪ ዲያቆን አቤል ተስፋዬ - ማን በማን ይፈርዳል
ዘማሪ ዲያቆን አቤል ተስፋዬ - ሰላም በልጅሽ ነው
ዘማሪ ዲያቆን አቤል ተስፋዬ - ከመታስተየነ
ዘማሪ ዲያቆን አቤል ተስፋዬ - ኮከብ ነህ
ዘማሪ ዲያቆን አቤል ተስፋዬ - ምነው ወዳጄ
ዘማሪ ዲያቆን አቤል ተስፋዬ - የተዘጋች አፍን
ዘማሪ ዲያቆን አቤል ተስፋዬ - አቡነ ዘበሰማያት
ዘማሪ ዲያቆን አቤል ተስፋዬ - የመርከቧ ተጓዦች ነን
ዘማሪ ዲያቆን አቤል ተስፋዬ - የዓለም ጨለማ የራቀብሽ
ዘማሪ ዲያቆን አቤል ተስፋዬ - ያከብርዋ (ቅድስት)
ዘማሪ ዲያቆን አቤል ተስፋዬ - ለድሆች ወንጌልን (ምኩራብ)
ዘማሪ ዲያቆን አቤል ተስፋዬ - ሰው የለኝም አለው (መጻጉዕ)
ዘማሪ ዲያቆን አቤል ተስፋዬ - ዝም አይልም አምላክ (ደብረ ዘይት)
ዘማሪ ዲያቆን አቤል ተስፋዬ - በከመ ምህረትከ (ገብርኄር)
ዘማሪ ዲያቆን አቤል ተስፋዬ - ኒቆዲሞስ
ዘማሪ ዲያቆን አቤል ተስፋዬ - ላሐ ማርያም
ዘማሪት ሶስና ገብረኢየሱስ - ቸሩ መድኃኔዓለም
ዘማሪት ሶስና ገብረኢየሱስ - አስቀድሞ
ዘማሪት ሶስና ገብረኢየሱስ - አንገቴን አልሰብርም
ዘማሪት የትምወርቅ ሙላት - ሰማይና ምድርን
ዘማሪት የትምወርቅ ሙላት - በገናዬን ላንሳ
ዘማሪት የትምወርቅ ሙላት - ልቤን ላንሳ
ዘማሪት የትምወርቅ ሙላት - እሰይ ጌታ ተወለደ
ዘማሪት የትምወርቅ ሙላት - የሳምራዊው ደግነቱ
ዘማሪት የትምወርቅ ሙላት - ይህን ሁሉ ፍቅር
ዘማሪት የትምወርቅ ሙላት - በልዑል መጠጊያ
ዘማሪት የትምወርቅ ሙላት - በድንኳንህ
ዘማሪት የትምወርቅ ሙላት - እጆቿን ዘርግታ
ዘማሪት የትምወርቅ ሙላት - ስደት
ዘማሪት የትምወርቅ ሙላት - ከምንጭ ውሃ
አለቃ ተሰማ ወልደ አማኑኤል - የድሮ ዘመን
አለቃ ተሰማ ወልደ አማኑኤል - ሰላምታ
አለቃ ተሰማ ወልደ አማኑኤል - መኑ ተኅሥሡ
አለቃ ተሰማ ወልደ አማኑኤል - አንተ ነህ
አለቃ ተሰማ ወልደ አማኑኤል - ማን ይመራመር 2
አለቃ ተሰማ ወልደ አማኑኤል - ማን ይመራመር 3
አለቃ ተሰማ ወልደ አማኑኤል - በእንተ ፍቅረ አብ
አለቃ ተሰማ ወልደ አማኑኤል - እግዚኦ
አለቃ ተሰማ ወልደ አማኑኤል - ክርስቶስ ተንሥዓ እሙታን
አለቃ ተሰማ ወልደ አማኑኤል - ቀን የጣለ እንደሆን
ዘማሪ ዘውዱ ጌታቸው - ቅድመ ዓለም ንጉሥ
ዘማሪ ዘውዱ ጌታቸው - ቤተ ስብሐት
ዘማሪ ዘውዱ ጌታቸው - ከሰገነት ወጥተህ
ዘማሪ ዘውዱ ጌታቸው - ሀዘን መከራ
ዘማሪ ዘውዱ ጌታቸው - በዘሩ የነበረች
ዘማሪ ዘውዱ ጌታቸው - የአባ ሕርያቆስ
ዘማሪ ዘውዱ ጌታቸው - ሰላም ልበልሽ
ዘማሪ አለማየሁ ፋንታ - እናት አባትሽ
ዘማሪ አለማየሁ ፋንታ - ያወጣኸን
ዘማሪ አለማየሁ ፋንታ - በእናቱ ነው እንጂ
ዘማሪ አለማየሁ ፋንታ - ከዳዊት መዝሙር
ዘማሪ አለማየሁ ፋንታ - ይስሐቅ በኩር ልጁን
ዲያቆን ታደለ ገዲፍ - ሞቴን አየሁት
ዲያቆን ታደለ ገዲፍ - ሸክም ከብዶ
ዲያቆን ታደለ ገዲፍ - ችግር በርትቶ
ዲያቆን ታደለ ገዲፍ - ነይ ድንግል
ዲያቆን ታደለ ገዲፍ - አለ ወይ
ዲያቆን ታደለ ገዲፍ - አንተ አልቅሰህ
ዲያቆን ታደለ ገዲፍ - የሴቱ አለባበስ
ዲያቆን ታደለ ገዲፍ - ኧረ ምነው
ዲያቆን ታደለ ገዲፍ - ድሀ ነሽ ሀገሬ
ዲያቆን ታደለ ገዲፍ - ኧረ ስማኝ አምላኬ
ዲያቆን ታደለ ገዲፍ - ኧረ አንቺ ዓለም
ዲያቆን ታደለ ገዲፍ - ገዳመ ቆሮንጦስ
ዲያቆን ታደለ ገዲፍ - ሰው አፉ አላርፍ ብሎ
ዲያቆን ታደለ ገዲፍ - ለኔ ጌታ ሆኜ
ዲያቆን ታደለ ገዲፍ - እኔም ላንቺ ላልሆን
ዲያቆን ታደለ ገዲፍ - እንዴት ነህ ዝዋይ
ዲያቆን ታደለ ገዲፍ - ሲገፉኝ
ዲያቆን ታደለ ገዲፍ - ሰአሊ ለነ ማርያም
ዲያቆን ታደለ ገዲፍ - አንተ ያልከው ይሁን
ዲያቆን ታደለ ገዲፍ - ያ ገበሬ
ዲያቆን ታደለ ገዲፍ - ያገኘኝን አገኘሁት
ዲያቆን ታደለ ገዲፍ - ይህ ያ ወራጅ ውኃ
ዲያቆን ታደለ ገዲፍ - ድልድዩ አልከበደው
ዲያቆን ታደለ ገዲፍ - ሰማሁኝ በዝና
ዲያቆን ታደለ ገዲፍ - አምላኬ ነህ
ዲያቆን ታደለ ገዲፍ - ያንተ ግን ይገርማል
ዲያቆን ታደለ ገዲፍ - ቀዳማዊት ሔዋን
ዲያቆን ታደለ ገዲፍ - በገዳዬ ምክር
ዲያቆን ታደለ ገዲፍ - በዛ የብሶ
ዲያቆን ታደለ ገዲፍ - ባሕር ብሻገርም
ዲያቆን ታደለ ገዲፍ - ባሕር ብሻገርም 2
